<?xml version="1.0" encoding="UTF-8"?>
<coverage generated="1648422777582" clover="3.2.0">
  <project timestamp="1648422777582" name="All files">
    <metrics statements="57" coveredstatements="49" conditionals="41" coveredconditionals="32" methods="20" coveredmethods="17" elements="118" coveredelements="98" complexity="0" loc="57" ncloc="57" packages="2" files="6" classes="6"/>
    <package name="components">
      <metrics statements="53" coveredstatements="45" conditionals="37" coveredconditionals="29" methods="19" coveredmethods="16"/>
      <file name="Loading.tsx" path="/Users/jordandev/Desktop/dinamica-frontend/src/components/Loading.tsx">
        <metrics statements="3" coveredstatements="3" conditionals="0" coveredconditionals="0" methods="1" coveredmethods="1"/>
        <line num="1" count="4" type="stmt"/>
        <line num="2" count="2" type="stmt"/>
        <line num="22" count="4" type="stmt"/>
      </file>
      <file name="Nav.tsx" path="/Users/jordandev/Desktop/dinamica-frontend/src/components/Nav.tsx">
        <metrics statements="7" coveredstatements="7" conditionals="0" coveredconditionals="0" methods="2" coveredmethods="2"/>
        <line num="1" count="4" type="stmt"/>
        <line num="4" count="4" type="stmt"/>
        <line num="15" count="4" type="stmt"/>
        <line num="16" count="2" type="stmt"/>
        <line num="17" count="4" type="stmt"/>
        <line num="22" count="2" type="stmt"/>
        <line num="36" count="4" type="stmt"/>
      </file>
      <file name="Select.tsx" path="/Users/jordandev/Desktop/dinamica-frontend/src/components/Select.tsx">
        <metrics statements="30" coveredstatements="22" conditionals="30" coveredconditionals="22" methods="8" coveredmethods="5"/>
        <line num="1" count="4" type="stmt"/>
        <line num="2" count="4" type="stmt"/>
        <line num="15" count="4" type="stmt"/>
        <line num="16" count="17" type="stmt"/>
        <line num="17" count="17" type="stmt"/>
        <line num="20" count="3" type="cond" truecount="0" falsecount="1"/>
        <line num="21" count="0" type="stmt"/>
        <line num="23" count="3" type="stmt"/>
        <line num="24" count="3" type="cond" truecount="1" falsecount="1"/>
        <line num="25" count="0" type="stmt"/>
        <line num="26" count="3" type="cond" truecount="2" falsecount="0"/>
        <line num="27" count="2" type="stmt"/>
        <line num="29" count="1" type="stmt"/>
        <line num="34" count="12" type="stmt"/>
        <line num="35" count="12" type="cond" truecount="2" falsecount="2"/>
        <line num="38" count="3" type="stmt"/>
        <line num="45" count="0" type="stmt"/>
        <line num="46" count="0" type="stmt"/>
        <line num="51" count="9" type="stmt"/>
        <line num="55" count="0" type="cond" truecount="0" falsecount="2"/>
        <line num="56" count="0" type="stmt"/>
        <line num="58" count="0" type="stmt"/>
        <line num="62" count="17" type="cond" truecount="2" falsecount="0"/>
        <line num="66" count="17" type="stmt"/>
        <line num="67" count="5" type="cond" truecount="1" falsecount="0"/>
        <line num="68" count="5" type="stmt"/>
        <line num="72" count="17" type="stmt"/>
        <line num="99" count="14" type="stmt"/>
        <line num="108" count="0" type="stmt"/>
        <line num="118" count="4" type="stmt"/>
      </file>
      <file name="Table.tsx" path="/Users/jordandev/Desktop/dinamica-frontend/src/components/Table.tsx">
        <metrics statements="9" coveredstatements="9" conditionals="7" coveredconditionals="7" methods="4" coveredmethods="4"/>
        <line num="10" count="4" type="stmt"/>
        <line num="11" count="3" type="stmt"/>
        <line num="27" count="4" type="stmt"/>
        <line num="28" count="1" type="stmt"/>
        <line num="31" count="4" type="stmt"/>
        <line num="32" count="1" type="stmt"/>
        <line num="39" count="4" type="stmt"/>
        <line num="40" count="1" type="stmt"/>
        <line num="43" count="4" type="stmt"/>
      </file>
      <file name="index.ts" path="/Users/jordandev/Desktop/dinamica-frontend/src/components/index.ts">
        <metrics statements="4" coveredstatements="4" conditionals="0" coveredconditionals="0" methods="4" coveredmethods="4"/>
        <line num="1" count="10" type="stmt"/>
        <line num="2" count="6" type="stmt"/>
        <line num="3" count="6" type="stmt"/>
        <line num="4" count="9" type="stmt"/>
      </file>
    </package>
    <package name="pages.Homepage.components">
      <metrics statements="4" coveredstatements="4" conditionals="4" coveredconditionals="3" methods="1" coveredmethods="1"/>
      <file name="Search.tsx" path="/Users/jordandev/Desktop/dinamica-frontend/src/pages/Homepage/components/Search.tsx">
        <metrics statements="4" coveredstatements="4" conditionals="4" coveredconditionals="3" methods="1" coveredmethods="1"/>
        <line num="1" count="1" type="stmt"/>
        <line num="7" count="1" type="stmt"/>
        <line num="8" count="2" type="stmt"/>
        <line num="24" count="1" type="stmt"/>
      </file>
    </package>
  </project>
</coverage>
