{"/Users/jordandev/Desktop/dinamica-frontend/src/components/Loading.tsx": {"path":"/Users/jordandev/Desktop/dinamica-frontend/src/components/Loading.tsx","statementMap":{"0":{"start":{"line":1,"column":16},"end":{"line":20,"column":1}},"1":{"start":{"line":2,"column":2},"end":{"line":19,"column":4}},"2":{"start":{"line":22,"column":0},"end":{"line":22,"column":23}}},"fnMap":{"0":{"name":"(anonymous_0)","decl":{"start":{"line":1,"column":16},"end":{"line":1,"column":19}},"loc":{"start":{"line":1,"column":21},"end":{"line":20,"column":1}}}},"branchMap":{},"s":{"0":4,"1":2,"2":4},"f":{"0":2},"b":{}}
,"/Users/jordandev/Desktop/dinamica-frontend/src/components/Nav.tsx": {"path":"/Users/jordandev/Desktop/dinamica-frontend/src/components/Nav.tsx","statementMap":{"0":{"start":{"line":1,"column":0},"end":{"line":1,"column":30}},"1":{"start":{"line":4,"column":33},"end":{"line":13,"column":2}},"2":{"start":{"line":15,"column":12},"end":{"line":34,"column":1}},"3":{"start":{"line":16,"column":24},"end":{"line":19,"column":null}},"4":{"start":{"line":17,"column":4},"end":{"line":17,"column":24}},"5":{"start":{"line":22,"column":2},"end":{"line":33,"column":4}},"6":{"start":{"line":36,"column":0},"end":{"line":36,"column":19}}},"fnMap":{"0":{"name":"(anonymous_0)","decl":{"start":{"line":15,"column":12},"end":{"line":15,"column":15}},"loc":{"start":{"line":15,"column":17},"end":{"line":34,"column":1}}},"1":{"name":"(anonymous_1)","decl":{"start":{"line":16,"column":24},"end":{"line":16,"column":25}},"loc":{"start":{"line":17,"column":4},"end":{"line":17,"column":24}}}},"branchMap":{},"s":{"0":4,"1":4,"2":4,"3":2,"4":4,"5":2,"6":4},"f":{"0":2,"1":4},"b":{}}
,"/Users/jordandev/Desktop/dinamica-frontend/src/components/Select.tsx": {"path":"/Users/jordandev/Desktop/dinamica-frontend/src/components/Select.tsx","statementMap":{"0":{"start":{"line":1,"column":0},"end":{"line":1,"column":44}},"1":{"start":{"line":2,"column":0},"end":{"line":2,"column":40}},"2":{"start":{"line":15,"column":15},"end":{"line":116,"column":1}},"3":{"start":{"line":16,"column":38},"end":{"line":16,"column":52}},"4":{"start":{"line":17,"column":104},"end":{"line":61,"column":4}},"5":{"start":{"line":20,"column":6},"end":{"line":22,"column":null}},"6":{"start":{"line":21,"column":8},"end":{"line":21,"column":15}},"7":{"start":{"line":23,"column":20},"end":{"line":23,"column":55}},"8":{"start":{"line":24,"column":6},"end":{"line":30,"column":null}},"9":{"start":{"line":25,"column":8},"end":{"line":25,"column":91}},"10":{"start":{"line":26,"column":13},"end":{"line":30,"column":null}},"11":{"start":{"line":27,"column":8},"end":{"line":27,"column":49}},"12":{"start":{"line":29,"column":8},"end":{"line":29,"column":54}},"13":{"start":{"line":34,"column":32},"end":{"line":34,"column":48}},"14":{"start":{"line":35,"column":6},"end":{"line":52,"column":null}},"15":{"start":{"line":38,"column":10},"end":{"line":43,"column":12}},"16":{"start":{"line":45,"column":10},"end":{"line":45,"column":19}},"17":{"start":{"line":46,"column":10},"end":{"line":49,"column":12}},"18":{"start":{"line":51,"column":10},"end":{"line":51,"column":25}},"19":{"start":{"line":55,"column":6},"end":{"line":59,"column":null}},"20":{"start":{"line":56,"column":8},"end":{"line":56,"column":28}},"21":{"start":{"line":58,"column":8},"end":{"line":58,"column":102}},"22":{"start":{"line":58,"column":44},"end":{"line":58,"column":99}},"23":{"start":{"line":62,"column":26},"end":{"line":64,"column":31}},"24":{"start":{"line":66,"column":2},"end":{"line":70,"column":13}},"25":{"start":{"line":67,"column":4},"end":{"line":69,"column":null}},"26":{"start":{"line":68,"column":6},"end":{"line":68,"column":31}},"27":{"start":{"line":72,"column":2},"end":{"line":115,"column":4}},"28":{"start":{"line":99,"column":12},"end":{"line":100,"column":null}},"29":{"start":{"line":108,"column":105},"end":{"line":108,"column":109}},"30":{"start":{"line":118,"column":0},"end":{"line":118,"column":22}}},"fnMap":{"0":{"name":"(anonymous_0)","decl":{"start":{"line":15,"column":15},"end":{"line":15,"column":16}},"loc":{"start":{"line":15,"column":118},"end":{"line":116,"column":1}}},"1":{"name":"(anonymous_1)","decl":{"start":{"line":19,"column":26},"end":{"line":19,"column":27}},"loc":{"start":{"line":19,"column":47},"end":{"line":31,"column":5}}},"2":{"name":"(anonymous_2)","decl":{"start":{"line":33,"column":18},"end":{"line":33,"column":19}},"loc":{"start":{"line":33,"column":56},"end":{"line":53,"column":5}}},"3":{"name":"(anonymous_3)","decl":{"start":{"line":54,"column":24},"end":{"line":54,"column":25}},"loc":{"start":{"line":54,"column":43},"end":{"line":60,"column":5}}},"4":{"name":"(anonymous_4)","decl":{"start":{"line":58,"column":34},"end":{"line":58,"column":35}},"loc":{"start":{"line":58,"column":44},"end":{"line":58,"column":99}}},"5":{"name":"(anonymous_5)","decl":{"start":{"line":66,"column":12},"end":{"line":66,"column":15}},"loc":{"start":{"line":66,"column":17},"end":{"line":70,"column":3}}},"6":{"name":"(anonymous_6)","decl":{"start":{"line":98,"column":25},"end":{"line":98,"column":26}},"loc":{"start":{"line":99,"column":12},"end":{"line":100,"column":null}}},"7":{"name":"(anonymous_7)","decl":{"start":{"line":108,"column":99},"end":{"line":108,"column":102}},"loc":{"start":{"line":108,"column":105},"end":{"line":108,"column":109}}}},"branchMap":{"0":{"loc":{"start":{"line":20,"column":6},"end":{"line":22,"column":null}},"type":"if","locations":[{"start":{"line":20,"column":6},"end":{"line":22,"column":null}}]},"1":{"loc":{"start":{"line":24,"column":6},"end":{"line":30,"column":null}},"type":"if","locations":[{"start":{"line":24,"column":6},"end":{"line":30,"column":null}},{"start":{"line":26,"column":13},"end":{"line":30,"column":null}}]},"2":{"loc":{"start":{"line":26,"column":13},"end":{"line":30,"column":null}},"type":"if","locations":[{"start":{"line":26,"column":13},"end":{"line":30,"column":null}},{"start":{"line":28,"column":13},"end":{"line":30,"column":null}}]},"3":{"loc":{"start":{"line":35,"column":6},"end":{"line":52,"column":null}},"type":"switch","locations":[{"start":{"line":36,"column":8},"end":{"line":36,"column":60}},{"start":{"line":37,"column":8},"end":{"line":43,"column":12}},{"start":{"line":44,"column":8},"end":{"line":49,"column":12}},{"start":{"line":50,"column":8},"end":{"line":51,"column":25}}]},"4":{"loc":{"start":{"line":55,"column":6},"end":{"line":59,"column":null}},"type":"if","locations":[{"start":{"line":55,"column":6},"end":{"line":59,"column":null}},{"start":{"line":57,"column":13},"end":{"line":59,"column":null}}]},"5":{"loc":{"start":{"line":62,"column":26},"end":{"line":64,"column":31}},"type":"cond-expr","locations":[{"start":{"line":63,"column":6},"end":{"line":63,"column":91}},{"start":{"line":64,"column":6},"end":{"line":64,"column":31}}]},"6":{"loc":{"start":{"line":63,"column":34},"end":{"line":63,"column":80}},"type":"binary-expr","locations":[{"start":{"line":63,"column":34},"end":{"line":63,"column":66}},{"start":{"line":63,"column":70},"end":{"line":63,"column":80}}]},"7":{"loc":{"start":{"line":64,"column":6},"end":{"line":64,"column":31}},"type":"binary-expr","locations":[{"start":{"line":64,"column":6},"end":{"line":64,"column":17}},{"start":{"line":64,"column":21},"end":{"line":64,"column":31}}]},"8":{"loc":{"start":{"line":67,"column":4},"end":{"line":69,"column":null}},"type":"if","locations":[{"start":{"line":67,"column":4},"end":{"line":69,"column":null}}]},"9":{"loc":{"start":{"line":88,"column":10},"end":{"line":88,"column":null}},"type":"cond-expr","locations":[{"start":{"line":88,"column":20},"end":{"line":88,"column":29}},{"start":{"line":88,"column":32},"end":{"line":88,"column":null}}]},"10":{"loc":{"start":{"line":91,"column":9},"end":{"line":91,"column":117}},"type":"binary-expr","locations":[{"start":{"line":91,"column":9},"end":{"line":91,"column":15}},{"start":{"line":91,"column":19},"end":{"line":91,"column":27}},{"start":{"line":91,"column":31},"end":{"line":91,"column":52}},{"start":{"line":91,"column":56},"end":{"line":91,"column":117}}]},"11":{"loc":{"start":{"line":93,"column":9},"end":{"line":93,"column":101}},"type":"binary-expr","locations":[{"start":{"line":93,"column":9},"end":{"line":93,"column":16}},{"start":{"line":93,"column":20},"end":{"line":93,"column":101}}]},"12":{"loc":{"start":{"line":95,"column":9},"end":{"line":112,"column":12}},"type":"binary-expr","locations":[{"start":{"line":95,"column":9},"end":{"line":95,"column":17}},{"start":{"line":96,"column":10},"end":{"line":96,"column":31}},{"start":{"line":97,"column":10},"end":{"line":97,"column":16}},{"start":{"line":98,"column":10},"end":{"line":112,"column":12}}]}},"s":{"0":4,"1":4,"2":4,"3":17,"4":17,"5":3,"6":0,"7":3,"8":3,"9":0,"10":3,"11":2,"12":1,"13":12,"14":12,"15":3,"16":0,"17":0,"18":9,"19":0,"20":0,"21":0,"22":0,"23":17,"24":17,"25":5,"26":5,"27":17,"28":14,"29":0,"30":4},"f":{"0":17,"1":3,"2":12,"3":0,"4":0,"5":5,"6":14,"7":0},"b":{"0":[0],"1":[0,3],"2":[2,1],"3":[0,3,0,9],"4":[0,0],"5":[6,11],"6":[6,6],"7":[11,11],"8":[5],"9":[10,7],"10":[17,7,7,0],"11":[17,0],"12":[17,17,17,7]}}
,"/Users/jordandev/Desktop/dinamica-frontend/src/components/Table.tsx": {"path":"/Users/jordandev/Desktop/dinamica-frontend/src/components/Table.tsx","statementMap":{"0":{"start":{"line":10,"column":21},"end":{"line":25,"column":1}},"1":{"start":{"line":11,"column":2},"end":{"line":24,"column":4}},"2":{"start":{"line":10,"column":13},"end":{"line":10,"column":21}},"3":{"start":{"line":27,"column":19},"end":{"line":29,"column":1}},"4":{"start":{"line":28,"column":2},"end":{"line":28,"column":48}},"5":{"start":{"line":27,"column":13},"end":{"line":27,"column":19}},"6":{"start":{"line":31,"column":22},"end":{"line":37,"column":1}},"7":{"start":{"line":32,"column":2},"end":{"line":36,"column":4}},"8":{"start":{"line":31,"column":13},"end":{"line":31,"column":22}},"9":{"start":{"line":39,"column":20},"end":{"line":41,"column":1}},"10":{"start":{"line":40,"column":2},"end":{"line":40,"column":63}},"11":{"start":{"line":39,"column":13},"end":{"line":39,"column":20}},"12":{"start":{"line":43,"column":0},"end":{"line":48,"column":2}}},"fnMap":{"0":{"name":"(anonymous_0)","decl":{"start":{"line":10,"column":21},"end":{"line":10,"column":22}},"loc":{"start":{"line":10,"column":103},"end":{"line":25,"column":1}}},"1":{"name":"(anonymous_1)","decl":{"start":{"line":27,"column":19},"end":{"line":27,"column":20}},"loc":{"start":{"line":27,"column":65},"end":{"line":29,"column":1}}},"2":{"name":"(anonymous_2)","decl":{"start":{"line":31,"column":22},"end":{"line":31,"column":23}},"loc":{"start":{"line":31,"column":61},"end":{"line":37,"column":1}}},"3":{"name":"(anonymous_3)","decl":{"start":{"line":39,"column":20},"end":{"line":39,"column":21}},"loc":{"start":{"line":39,"column":73},"end":{"line":41,"column":1}}}},"branchMap":{"0":{"loc":{"start":{"line":18,"column":11},"end":{"line":18,"column":97}},"type":"binary-expr","locations":[{"start":{"line":18,"column":11},"end":{"line":18,"column":19}},{"start":{"line":18,"column":23},"end":{"line":18,"column":97}}]},"1":{"loc":{"start":{"line":20,"column":9},"end":{"line":20,"column":109}},"type":"binary-expr","locations":[{"start":{"line":20,"column":9},"end":{"line":20,"column":14}},{"start":{"line":20,"column":18},"end":{"line":20,"column":26}},{"start":{"line":20,"column":30},"end":{"line":20,"column":109}}]},"2":{"loc":{"start":{"line":21,"column":9},"end":{"line":21,"column":101}},"type":"binary-expr","locations":[{"start":{"line":21,"column":9},"end":{"line":21,"column":16}},{"start":{"line":21,"column":20},"end":{"line":21,"column":101}}]}},"s":{"0":4,"1":3,"2":4,"3":4,"4":1,"5":4,"6":4,"7":1,"8":4,"9":4,"10":1,"11":4,"12":4},"f":{"0":3,"1":1,"2":1,"3":1},"b":{"0":[3,2],"1":[3,1,1],"2":[3,1]}}
,"/Users/jordandev/Desktop/dinamica-frontend/src/components/index.ts": {"path":"/Users/jordandev/Desktop/dinamica-frontend/src/components/index.ts","statementMap":{"0":{"start":{"line":1,"column":0},"end":{"line":1,"column":9}},"1":{"start":{"line":1,"column":9},"end":{"line":1,"column":25}},"2":{"start":{"line":2,"column":0},"end":{"line":2,"column":9}},"3":{"start":{"line":2,"column":9},"end":{"line":2,"column":23}},"4":{"start":{"line":3,"column":0},"end":{"line":3,"column":9}},"5":{"start":{"line":3,"column":9},"end":{"line":3,"column":27}},"6":{"start":{"line":4,"column":0},"end":{"line":4,"column":9}},"7":{"start":{"line":4,"column":9},"end":{"line":4,"column":26}}},"fnMap":{"0":{"name":"(anonymous_0)","decl":{"start":{"line":1,"column":9},"end":{"line":1,"column":16}},"loc":{"start":{"line":1,"column":9},"end":{"line":1,"column":25}}},"1":{"name":"(anonymous_1)","decl":{"start":{"line":2,"column":9},"end":{"line":2,"column":16}},"loc":{"start":{"line":2,"column":9},"end":{"line":2,"column":23}}},"2":{"name":"(anonymous_2)","decl":{"start":{"line":3,"column":9},"end":{"line":3,"column":16}},"loc":{"start":{"line":3,"column":9},"end":{"line":3,"column":27}}},"3":{"name":"(anonymous_3)","decl":{"start":{"line":4,"column":9},"end":{"line":4,"column":16}},"loc":{"start":{"line":4,"column":9},"end":{"line":4,"column":26}}}},"branchMap":{},"s":{"0":4,"1":10,"2":4,"3":6,"4":4,"5":6,"6":4,"7":9},"f":{"0":6,"1":2,"2":2,"3":5},"b":{}}
,"/Users/jordandev/Desktop/dinamica-frontend/src/pages/Homepage/components/Search.tsx": {"path":"/Users/jordandev/Desktop/dinamica-frontend/src/pages/Homepage/components/Search.tsx","statementMap":{"0":{"start":{"line":1,"column":0},"end":{"line":1,"column":45}},"1":{"start":{"line":7,"column":15},"end":{"line":22,"column":1}},"2":{"start":{"line":8,"column":2},"end":{"line":21,"column":4}},"3":{"start":{"line":24,"column":0},"end":{"line":24,"column":22}}},"fnMap":{"0":{"name":"(anonymous_0)","decl":{"start":{"line":7,"column":15},"end":{"line":7,"column":16}},"loc":{"start":{"line":7,"column":38},"end":{"line":22,"column":1}}}},"branchMap":{"0":{"loc":{"start":{"line":16,"column":21},"end":{"line":16,"column":50}},"type":"binary-expr","locations":[{"start":{"line":16,"column":21},"end":{"line":16,"column":38}},{"start":{"line":16,"column":42},"end":{"line":16,"column":50}}]},"1":{"loc":{"start":{"line":17,"column":22},"end":{"line":17,"column":39}},"type":"binary-expr","locations":[{"start":{"line":17,"column":22},"end":{"line":17,"column":33}},{"start":{"line":17,"column":37},"end":{"line":17,"column":39}}]}},"s":{"0":1,"1":1,"2":2,"3":1},"f":{"0":2},"b":{"0":[2,2],"1":[2,0]}}
}
