TN:
SF:src/components/Loading.tsx
FN:1,(anonymous_0)
FNF:1
FNH:1
FNDA:2,(anonymous_0)
DA:1,4
DA:2,2
DA:22,4
LF:3
LH:3
BRF:0
BRH:0
end_of_record
TN:
SF:src/components/Nav.tsx
FN:15,(anonymous_0)
FN:16,(anonymous_1)
FNF:2
FNH:2
FNDA:2,(anonymous_0)
FNDA:4,(anonymous_1)
DA:1,4
DA:4,4
DA:15,4
DA:16,2
DA:17,4
DA:22,2
DA:36,4
LF:7
LH:7
BRF:0
BRH:0
end_of_record
TN:
SF:src/components/Select.tsx
FN:15,(anonymous_0)
FN:19,(anonymous_1)
FN:33,(anonymous_2)
FN:54,(anonymous_3)
FN:58,(anonymous_4)
FN:66,(anonymous_5)
FN:98,(anonymous_6)
FN:108,(anonymous_7)
FNF:8
FNH:5
FNDA:17,(anonymous_0)
FNDA:3,(anonymous_1)
FNDA:12,(anonymous_2)
FNDA:0,(anonymous_3)
FNDA:0,(anonymous_4)
FNDA:5,(anonymous_5)
FNDA:14,(anonymous_6)
FNDA:0,(anonymous_7)
DA:1,4
DA:2,4
DA:15,4
DA:16,17
DA:17,17
DA:20,3
DA:21,0
DA:23,3
DA:24,3
DA:25,0
DA:26,3
DA:27,2
DA:29,1
DA:34,12
DA:35,12
DA:38,3
DA:45,0
DA:46,0
DA:51,9
DA:55,0
DA:56,0
DA:58,0
DA:62,17
DA:66,17
DA:67,5
DA:68,5
DA:72,17
DA:99,14
DA:108,0
DA:118,4
LF:30
LH:22
BRDA:20,0,0,0
BRDA:24,1,0,0
BRDA:24,1,1,3
BRDA:26,2,0,2
BRDA:26,2,1,1
BRDA:35,3,0,0
BRDA:35,3,1,3
BRDA:35,3,2,0
BRDA:35,3,3,9
BRDA:55,4,0,0
BRDA:55,4,1,0
BRDA:62,5,0,6
BRDA:62,5,1,11
BRDA:63,6,0,6
BRDA:63,6,1,6
BRDA:64,7,0,11
BRDA:64,7,1,11
BRDA:67,8,0,5
BRDA:88,9,0,10
BRDA:88,9,1,7
BRDA:91,10,0,17
BRDA:91,10,1,7
BRDA:91,10,2,7
BRDA:91,10,3,0
BRDA:93,11,0,17
BRDA:93,11,1,0
BRDA:95,12,0,17
BRDA:95,12,1,17
BRDA:95,12,2,17
BRDA:95,12,3,7
BRF:30
BRH:22
end_of_record
TN:
SF:src/components/Table.tsx
FN:10,(anonymous_0)
FN:27,(anonymous_1)
FN:31,(anonymous_2)
FN:39,(anonymous_3)
FNF:4
FNH:4
FNDA:3,(anonymous_0)
FNDA:1,(anonymous_1)
FNDA:1,(anonymous_2)
FNDA:1,(anonymous_3)
DA:10,4
DA:11,3
DA:27,4
DA:28,1
DA:31,4
DA:32,1
DA:39,4
DA:40,1
DA:43,4
LF:9
LH:9
BRDA:18,0,0,3
BRDA:18,0,1,2
BRDA:20,1,0,3
BRDA:20,1,1,1
BRDA:20,1,2,1
BRDA:21,2,0,3
BRDA:21,2,1,1
BRF:7
BRH:7
end_of_record
TN:
SF:src/components/index.ts
FN:1,(anonymous_0)
FN:2,(anonymous_1)
FN:3,(anonymous_2)
FN:4,(anonymous_3)
FNF:4
FNH:4
FNDA:6,(anonymous_0)
FNDA:2,(anonymous_1)
FNDA:2,(anonymous_2)
FNDA:5,(anonymous_3)
DA:1,10
DA:2,6
DA:3,6
DA:4,9
LF:4
LH:4
BRF:0
BRH:0
end_of_record
TN:
SF:src/pages/Homepage/components/Search.tsx
FN:7,(anonymous_0)
FNF:1
FNH:1
FNDA:2,(anonymous_0)
DA:1,1
DA:7,1
DA:8,2
DA:24,1
LF:4
LH:4
BRDA:16,0,0,2
BRDA:16,0,1,2
BRDA:17,1,0,2
BRDA:17,1,1,0
BRF:4
BRH:3
end_of_record
